The system is: Windows - 10.0.22000 - AMD64
Compiling the CUDA compiler identification source file "CMakeCUDACompilerId.cu" succeeded.
Compiler:  
Build flags: 
Id flags: --keep;--keep-dir;tmp -v

The output was:
0
Microsoft (R) Build Engine version 17.2.1+52cd2da31 for .NET Framework
Copyright (C) Microsoft Corporation. All rights reserved.

Build started 8/3/2022 5:16:58 PM.
Project "C:\Users\garyq\Downloads\darknet-master\CMakeFiles\CheckCUDA\CMakeFiles\3.24.0-rc4\CompilerIdCUDA\CompilerIdCUDA.vcxproj" on node 1 (default targets).
PrepareForBuild:
  Creating directory "Debug\".
  Creating directory "Debug\CompilerIdCUDA.tlog\".
InitializeBuildStatus:
  Creating "Debug\CompilerIdCUDA.tlog\unsuccessfulbuild" because "AlwaysCreate" was specified.
AddCudaCompileDeps:
  C:\Program Files\Microsoft Visual Studio\2022\Community\VC\Tools\MSVC\14.32.31326\bin\HostX64\x64\cl.exe /E /nologo /showIncludes /TP /D__CUDACC__ /D__CUDACC_VER_MAJOR__=11 /D__CUDACC_VER_MINOR__=7 /D_MBCS /I"C:\Program Files\NVIDIA GPU Computing Toolkit\CUDA\v11.7\include" /IC:\Users\garyq\vcpkg\installed\x64-windows\include /I"C:\Program Files\NVIDIA GPU Computing Toolkit\CUDA\v11.7\bin" /I"C:\Program Files\NVIDIA GPU Computing Toolkit\CUDA\v11.7\include" /I. /FIcuda_runtime.h /c C:\Users\garyq\Downloads\darknet-master\CMakeFiles\CheckCUDA\CMakeFiles\3.24.0-rc4\CompilerIdCUDA\CMakeCUDACompilerId.cu 
Project "C:\Users\garyq\Downloads\darknet-master\CMakeFiles\CheckCUDA\CMakeFiles\3.24.0-rc4\CompilerIdCUDA\CompilerIdCUDA.vcxproj" (1) is building "C:\Users\garyq\Downloads\darknet-master\CMakeFiles\CheckCUDA\CMakeFiles\3.24.0-rc4\CompilerIdCUDA\CompilerIdCUDA.vcxproj" (1:2) on node 1 (CudaBuildCore target(s)).
CudaBuildCore:
  Compiling CUDA source file CMakeCUDACompilerId.cu...
  Creating directory "C:\Users\garyq\Downloads\darknet-master\CMakeFiles\CheckCUDA\CMakeFiles\3.24.0-rc4\CompilerIdCUDA\x64\Debug".
  cmd.exe /C "C:\Users\garyq\AppData\Local\Temp\tmp7edcb0507bca46a4b94742d26d3362d2.cmd"
  "C:\Program Files\NVIDIA GPU Computing Toolkit\CUDA\v11.7\bin\nvcc.exe" -gencode=arch=compute_52,code=\"sm_52,compute_52\" --use-local-env -ccbin "C:\Program Files\Microsoft Visual Studio\2022\Community\VC\Tools\MSVC\14.32.31326\bin\HostX64\x64" -x cu   -I"C:\Program Files\NVIDIA GPU Computing Toolkit\CUDA\v11.7\include" -I"C:\Users\garyq\vcpkg\installed\x64-windows\include" -I"C:\Program Files\NVIDIA GPU Computing Toolkit\CUDA\v11.7\include"  -G   --keep-dir x64\Debug  -maxrregcount=0  --machine 64 --compile -cudart static -v -g  -D_MBCS -Xcompiler "/EHsc /W0 /nologo /Od /FdDebug\vc143.pdb /FS /Zi /RTC1 /MDd " -o C:\Users\garyq\Downloads\darknet-master\CMakeFiles\CheckCUDA\CMakeFiles\3.24.0-rc4\CompilerIdCUDA\x64\Debug\CMakeCUDACompilerId.cu.obj "C:\Users\garyq\Downloads\darknet-master\CMakeFiles\CheckCUDA\CMakeFiles\3.24.0-rc4\CompilerIdCUDA\CMakeCUDACompilerId.cu"
  
  C:\Users\garyq\Downloads\darknet-master\CMakeFiles\CheckCUDA\CMakeFiles\3.24.0-rc4\CompilerIdCUDA>"C:\Program Files\NVIDIA GPU Computing Toolkit\CUDA\v11.7\bin\nvcc.exe" -gencode=arch=compute_52,code=\"sm_52,compute_52\" --use-local-env -ccbin "C:\Program Files\Microsoft Visual Studio\2022\Community\VC\Tools\MSVC\14.32.31326\bin\HostX64\x64" -x cu   -I"C:\Program Files\NVIDIA GPU Computing Toolkit\CUDA\v11.7\include" -I"C:\Users\garyq\vcpkg\installed\x64-windows\include" -I"C:\Program Files\NVIDIA GPU Computing Toolkit\CUDA\v11.7\include"  -G   --keep-dir x64\Debug  -maxrregcount=0  --machine 64 --compile -cudart static -v -g  -D_MBCS -Xcompiler "/EHsc /W0 /nologo /Od /FdDebug\vc143.pdb /FS /Zi /RTC1 /MDd " -o C:\Users\garyq\Downloads\darknet-master\CMakeFiles\CheckCUDA\CMakeFiles\3.24.0-rc4\CompilerIdCUDA\x64\Debug\CMakeCUDACompilerId.cu.obj "C:\Users\garyq\Downloads\darknet-master\CMakeFiles\CheckCUDA\CMakeFiles\3.24.0-rc4\CompilerIdCUDA\CMakeCUDACompilerId.cu" 
  #$ _NVVM_BRANCH_=nvvm
  #$ _SPACE_= 
  #$ _CUDART_=cudart
  #$ _HERE_=C:\Program Files\NVIDIA GPU Computing Toolkit\CUDA\v11.7\bin
  #$ _THERE_=C:\Program Files\NVIDIA GPU Computing Toolkit\CUDA\v11.7\bin
  #$ _TARGET_SIZE_=
  #$ _TARGET_DIR_=
  #$ _TARGET_SIZE_=64
  #$ _WIN_PLATFORM_=x64
  #$ TOP=C:\Program Files\NVIDIA GPU Computing Toolkit\CUDA\v11.7\bin/..
  #$ NVVMIR_LIBRARY_DIR=C:\Program Files\NVIDIA GPU Computing Toolkit\CUDA\v11.7\bin/../nvvm/libdevice
  #$ PATH=C:\Program Files\NVIDIA GPU Computing Toolkit\CUDA\v11.7\bin/../nvvm/bin;C:\Program Files\NVIDIA GPU Computing Toolkit\CUDA\v11.7\bin;C:\Program Files\NVIDIA GPU Computing Toolkit\CUDA\v11.7\bin/../lib;C:\Program Files\Microsoft Visual Studio\2022\Community\VC\Tools\MSVC\14.32.31326\bin\HostX64\x64;C:\Program Files (x86)\Windows Kits\10\bin\10.0.19041.0\x64;;C:\Program Files (x86)\Windows Kits\10\bin\10.0.19041.0\x86;;C:\Program Files\Microsoft Visual Studio\2022\Community\Common7\tools;C:\Program Files\Microsoft Visual Studio\2022\Community\Common7\ide;C:\Program Files (x86)\HTML Help Workshop;;C:\Program Files\Microsoft Visual Studio\2022\Community\MSBuild\Current\Bin\amd64;C:\Windows\Microsoft.NET\Framework64\v4.0.30319\;C:\Windows\Microsoft.NET\Framework\v4.0.30319\;C:\Program Files\Microsoft Visual Studio\2022\Community\MSBuild\Current\Bin;C:\Windows\Microsoft.NET\Framework\v4.0.30319\;;C:\Users\garyq\Downloads\opencv\build\include\opencv2;C:\Program Files\NVIDIA GPU Computing Toolkit\CUDA\v11.7\libnvvp;C:\Windows\system32;C:\Windows;C:\Windows\System32\Wbem;C:\Windows\System32\WindowsPowerShell\v1.0\;C:\Windows\System32\OpenSSH\;C:\Program Files (x86)\NVIDIA Corporation\PhysX\Common;C:\Program Files\NVIDIA Corporation\NVIDIA NvDLISR;C:\Program Files\Bandizip\;C:\Program Files\Polyspace\R2021a\runtime\win64;C:\Program Files\Polyspace\R2021a\bin;C:\Program Files\Polyspace\R2021a\polyspace\bin;C:\Program Files\GitHub CLI\;C:\Program Files\Git\cmd;C:\Program Files\CMake\bin;C:\Program Files\dotnet\;C:\Program Files\NVIDIA Corporation\Nsight Compute 2022.2.0\;C:\Users\garyq\Downloads\opencv\build\x64\vc14\bin;C:\Users\garyq\Downloads\opencv\build\x64\vc15\bin;C:\Users\garyq\Downloads\opencv\build\include\opencv2;C:\Program Files\NVIDIA GPU Computing Toolkit\CUDA\v11.7\bin;C:\Program Files\NVIDIA GPU Computing Toolkit\CUDA\v11.7\include;C:\Users\garyq\AppData\Local\Microsoft\WindowsApps;C:\Users\garyq\AppData\Local\GitHubDesktop\bin;C:\Users\garyq\.dotnet\tools;;
  #$ INCLUDES="-IC:\Program Files\NVIDIA GPU Computing Toolkit\CUDA\v11.7\bin/../include"  
  #$ LIBRARIES=  "/LIBPATH:C:\Program Files\NVIDIA GPU Computing Toolkit\CUDA\v11.7\bin/../lib/x64"
  #$ CUDAFE_FLAGS=--sdk_dir "C:\Program Files (x86)\Windows Kits\10"
  #$ PTXAS_FLAGS=
  CMakeCUDACompilerId.cu
  #$ cl.exe @"C:\Users\garyq\AppData\Local\Temp/tmpxft_00002f44_00000000-9.res" > "C:/Users/garyq/AppData/Local/Temp/tmpxft_00002f44_00000000-8_CMakeCUDACompilerId.cpp1.ii" 
  CMakeCUDACompilerId.cu
  #$ erase C:\Users\garyq\AppData\Local\Temp/tmpxft_00002f44_00000000-9.res
  #$ cicc --microsoft_version=1932 --msvc_target_version=1932 --compiler_bindir "C:/Program Files/Microsoft Visual Studio/2022/Community/VC/Tools/MSVC/14.32.31326/bin/HostX64/x64/../../../../../../.." --display_error_number --orig_src_file_name "C:/Users/garyq/Downloads/darknet-master/CMakeFiles/CheckCUDA/CMakeFiles/3.24.0-rc4/CompilerIdCUDA/CMakeCUDACompilerId.cu" --orig_src_path_name "C:\Users\garyq\Downloads\darknet-master\CMakeFiles\CheckCUDA\CMakeFiles\3.24.0-rc4\CompilerIdCUDA\CMakeCUDACompilerId.cu" --allow_managed --debug_mode --sdk_dir "C:\Program Files (x86)\Windows Kits\10"  -arch compute_52 -m64 --no-version-ident -ftz=0 -prec_div=1 -prec_sqrt=1 -fmad=1 --include_file_name "tmpxft_00002f44_00000000-4_CMakeCUDACompilerId.fatbin.c" -g -O0 -tused --gen_module_id_file --module_id_file_name "C:/Users/garyq/AppData/Local/Temp/tmpxft_00002f44_00000000-5_CMakeCUDACompilerId.module_id" --gen_c_file_name "C:/Users/garyq/AppData/Local/Temp/tmpxft_00002f44_00000000-7_CMakeCUDACompilerId.cudafe1.c" --stub_file_name "C:/Users/garyq/AppData/Local/Temp/tmpxft_00002f44_00000000-7_CMakeCUDACompilerId.cudafe1.stub.c" --gen_device_file_name "C:/Users/garyq/AppData/Local/Temp/tmpxft_00002f44_00000000-7_CMakeCUDACompilerId.cudafe1.gpu"  "C:/Users/garyq/AppData/Local/Temp/tmpxft_00002f44_00000000-8_CMakeCUDACompilerId.cpp1.ii" -o "C:/Users/garyq/AppData/Local/Temp/tmpxft_00002f44_00000000-7_CMakeCUDACompilerId.ptx"
  #$ ptxas -arch=sm_52 -m64 -g --dont-merge-basicblocks --return-at-end "C:/Users/garyq/AppData/Local/Temp/tmpxft_00002f44_00000000-7_CMakeCUDACompilerId.ptx"  -o "C:/Users/garyq/AppData/Local/Temp/tmpxft_00002f44_00000000-10_CMakeCUDACompilerId.sm_52.cubin" 
  #$ fatbinary -64 --ident="C:/Users/garyq/Downloads/darknet-master/CMakeFiles/CheckCUDA/CMakeFiles/3.24.0-rc4/CompilerIdCUDA/CMakeCUDACompilerId.cu" --cmdline="-g --dont-merge-basicblocks --return-at-end " --cicc-cmdline="-ftz=0 -prec_div=1 -prec_sqrt=1 -fmad=1 " -g "--image3=kind=elf,sm=52,file=C:/Users/garyq/AppData/Local/Temp/tmpxft_00002f44_00000000-10_CMakeCUDACompilerId.sm_52.cubin" "--image3=kind=ptx,sm=52,file=C:/Users/garyq/AppData/Local/Temp/tmpxft_00002f44_00000000-7_CMakeCUDACompilerId.ptx" --embedded-fatbin="C:/Users/garyq/AppData/Local/Temp/tmpxft_00002f44_00000000-4_CMakeCUDACompilerId.fatbin.c" 
  #$ erase C:/Users/garyq/AppData/Local/Temp/tmpxft_00002f44_00000000-4_CMakeCUDACompilerId.fatbin
  #$ cl.exe @"C:\Users\garyq\AppData\Local\Temp/tmpxft_00002f44_00000000-11.res" > "C:/Users/garyq/AppData/Local/Temp/tmpxft_00002f44_00000000-6_CMakeCUDACompilerId.cpp4.ii" 
  CMakeCUDACompilerId.cu
  #$ erase C:\Users\garyq\AppData\Local\Temp/tmpxft_00002f44_00000000-11.res
  #$ cudafe++ --microsoft_version=1932 --msvc_target_version=1932 --compiler_bindir "C:/Program Files/Microsoft Visual Studio/2022/Community/VC/Tools/MSVC/14.32.31326/bin/HostX64/x64/../../../../../../.." --display_error_number --orig_src_file_name "C:/Users/garyq/Downloads/darknet-master/CMakeFiles/CheckCUDA/CMakeFiles/3.24.0-rc4/CompilerIdCUDA/CMakeCUDACompilerId.cu" --orig_src_path_name "C:\Users\garyq\Downloads\darknet-master\CMakeFiles\CheckCUDA\CMakeFiles\3.24.0-rc4\CompilerIdCUDA\CMakeCUDACompilerId.cu" --allow_managed --debug_mode --sdk_dir "C:\Program Files (x86)\Windows Kits\10" --m64 --parse_templates --gen_c_file_name "C:/Users/garyq/AppData/Local/Temp/tmpxft_00002f44_00000000-7_CMakeCUDACompilerId.cudafe1.cpp" --stub_file_name "tmpxft_00002f44_00000000-7_CMakeCUDACompilerId.cudafe1.stub.c" --module_id_file_name "C:/Users/garyq/AppData/Local/Temp/tmpxft_00002f44_00000000-5_CMakeCUDACompilerId.module_id" "C:/Users/garyq/AppData/Local/Temp/tmpxft_00002f44_00000000-6_CMakeCUDACompilerId.cpp4.ii" 
  #$ cl.exe @"C:\Users\garyq\AppData\Local\Temp/tmpxft_00002f44_00000000-12.res" -Fo"C:/Users/garyq/Downloads/darknet-master/CMakeFiles/CheckCUDA/CMakeFiles/3.24.0-rc4/CompilerIdCUDA/x64/Debug/CMakeCUDACompilerId.cu.obj" 
  tmpxft_00002f44_00000000-7_CMakeCUDACompilerId.cudafe1.cpp
  #$ erase C:\Users\garyq\AppData\Local\Temp/tmpxft_00002f44_00000000-12.res
Done Building Project "C:\Users\garyq\Downloads\darknet-master\CMakeFiles\CheckCUDA\CMakeFiles\3.24.0-rc4\CompilerIdCUDA\CompilerIdCUDA.vcxproj" (CudaBuildCore target(s)).
VcpkgTripletSelection:
  Using triplet "x64-windows" from "C:\Users\garyq\vcpkg\installed\x64-windows\"
VcpkgCheckManifestRoot:
  The vcpkg manifest was disabled, but we found a manifest file in C:\Users\garyq\Downloads\darknet-master\. You may want to enable vcpkg manifests in your properties page or pass /p:VcpkgEnableManifest=true to the msbuild invocation.
Link:
  C:\Program Files\Microsoft Visual Studio\2022\Community\VC\Tools\MSVC\14.32.31326\bin\HostX64\x64\link.exe /ERRORREPORT:QUEUE /OUT:".\CompilerIdCUDA.exe" /INCREMENTAL:NO /NOLOGO /LIBPATH:"C:\Program Files\NVIDIA GPU Computing Toolkit\CUDA\v11.7\lib\x64" /LIBPATH:"C:\Users\garyq\vcpkg\installed\x64-windows\debug\lib" /LIBPATH:"C:\Users\garyq\vcpkg\installed\x64-windows\debug\lib\manual-link" cudart_static.lib "C:\Users\garyq\vcpkg\installed\x64-windows\debug\lib\*.lib" /MANIFEST /MANIFESTUAC:"level='asInvoker' uiAccess='false'" /manifest:embed /PDB:".\CompilerIdCUDA.pdb" /SUBSYSTEM:CONSOLE /TLBID:1 /DYNAMICBASE /NXCOMPAT /IMPLIB:".\CompilerIdCUDA.lib" /MACHINE:X64 "C:\Users\garyq\Downloads\darknet-master\CMakeFiles\CheckCUDA\CMakeFiles\3.24.0-rc4\CompilerIdCUDA\x64\Debug\CMakeCUDACompilerId.cu.obj"
     Creating library .\CompilerIdCUDA.lib and object .\CompilerIdCUDA.exp
LINK : warning LNK4098: defaultlib 'LIBCMT' conflicts with use of other libs; use /NODEFAULTLIB:library [C:\Users\garyq\Downloads\darknet-master\CMakeFiles\CheckCUDA\CMakeFiles\3.24.0-rc4\CompilerIdCUDA\CompilerIdCUDA.vcxproj]
  CompilerIdCUDA.vcxproj -> C:\Users\garyq\Downloads\darknet-master\CMakeFiles\CheckCUDA\CMakeFiles\3.24.0-rc4\CompilerIdCUDA\CompilerIdCUDA.exe
AppLocalFromInstalled:
  pwsh.exe -ExecutionPolicy Bypass -noprofile -File "C:\Users\garyq\vcpkg\scripts\buildsystems\msbuild\applocal.ps1" "C:\Users\garyq\Downloads\darknet-master\CMakeFiles\CheckCUDA\CMakeFiles\3.24.0-rc4\CompilerIdCUDA\CompilerIdCUDA.exe" "C:\Users\garyq\vcpkg\installed\x64-windows\debug\bin" "Debug\CompilerIdCUDA.tlog\CompilerIdCUDA.write.1u.tlog" "Debug\vcpkg.applocal.log"
  'pwsh.exe' is not recognized as an internal or external command,
  operable program or batch file.
  The command "pwsh.exe -ExecutionPolicy Bypass -noprofile -File "C:\Users\garyq\vcpkg\scripts\buildsystems\msbuild\applocal.ps1" "C:\Users\garyq\Downloads\darknet-master\CMakeFiles\CheckCUDA\CMakeFiles\3.24.0-rc4\CompilerIdCUDA\CompilerIdCUDA.exe" "C:\Users\garyq\vcpkg\installed\x64-windows\debug\bin" "Debug\CompilerIdCUDA.tlog\CompilerIdCUDA.write.1u.tlog" "Debug\vcpkg.applocal.log"" exited with code 9009.
  "C:\Windows\System32\WindowsPowerShell\v1.0\powershell.exe" -ExecutionPolicy Bypass -noprofile -File "C:\Users\garyq\vcpkg\scripts\buildsystems\msbuild\applocal.ps1" "C:\Users\garyq\Downloads\darknet-master\CMakeFiles\CheckCUDA\CMakeFiles\3.24.0-rc4\CompilerIdCUDA\CompilerIdCUDA.exe" "C:\Users\garyq\vcpkg\installed\x64-windows\debug\bin" "Debug\CompilerIdCUDA.tlog\CompilerIdCUDA.write.1u.tlog" "Debug\vcpkg.applocal.log"
PostBuildEvent:
  echo CMAKE_CUDA_COMPILER=C:\Program Files\NVIDIA GPU Computing Toolkit\CUDA\v11.7\bin\nvcc.exe
  :VCEnd
  CMAKE_CUDA_COMPILER=C:\Program Files\NVIDIA GPU Computing Toolkit\CUDA\v11.7\bin\nvcc.exe
FinalizeBuildStatus:
  Deleting file "Debug\CompilerIdCUDA.tlog\unsuccessfulbuild".
  Touching "Debug\CompilerIdCUDA.tlog\CompilerIdCUDA.lastbuildstate".
Done Building Project "C:\Users\garyq\Downloads\darknet-master\CMakeFiles\CheckCUDA\CMakeFiles\3.24.0-rc4\CompilerIdCUDA\CompilerIdCUDA.vcxproj" (default targets).

Build succeeded.

"C:\Users\garyq\Downloads\darknet-master\CMakeFiles\CheckCUDA\CMakeFiles\3.24.0-rc4\CompilerIdCUDA\CompilerIdCUDA.vcxproj" (default target) (1) ->
(Link target) -> 
  LINK : warning LNK4098: defaultlib 'LIBCMT' conflicts with use of other libs; use /NODEFAULTLIB:library [C:\Users\garyq\Downloads\darknet-master\CMakeFiles\CheckCUDA\CMakeFiles\3.24.0-rc4\CompilerIdCUDA\CompilerIdCUDA.vcxproj]

    1 Warning(s)
    0 Error(s)

Time Elapsed 00:00:02.43


Compilation of the CUDA compiler identification source "CMakeCUDACompilerId.cu" produced "CompilerIdCUDA.exe"

Compilation of the CUDA compiler identification source "CMakeCUDACompilerId.cu" produced "CompilerIdCUDA.exp"

Compilation of the CUDA compiler identification source "CMakeCUDACompilerId.cu" produced "CompilerIdCUDA.lib"

Compilation of the CUDA compiler identification source "CMakeCUDACompilerId.cu" produced "CompilerIdCUDA.vcxproj"

The CUDA compiler identification is NVIDIA, found in "C:/Users/garyq/Downloads/darknet-master/CMakeFiles/CheckCUDA/CMakeFiles/3.24.0-rc4/CompilerIdCUDA/CompilerIdCUDA.exe"

Parsed CUDA nvcc include information from above output:
  found 'INCLUDES=' string: ["-IC:\Program Files\NVIDIA GPU Computing Toolkit\CUDA\v11.7\bin/../include"  ]



Detecting CUDA compiler ABI info compiled with the following output:
Change Dir: C:/Users/garyq/Downloads/darknet-master/CMakeFiles/CheckCUDA/CMakeFiles/CMakeTmp

Run Build Command(s):C:/Program Files/Microsoft Visual Studio/2022/Community/MSBuild/Current/Bin/amd64/MSBuild.exe cmTC_62a08.vcxproj /p:Configuration=Debug /p:Platform=x64 /p:VisualStudioVersion=17.0 /v:m && Microsoft (R) Build Engine version 17.2.1+52cd2da31 for .NET Framework
Copyright (C) Microsoft Corporation. All rights reserved.

  Compiling CUDA source file ..\..\..\..\..\..\..\..\Program Files\CMake\share\cmake-3.24\Modules\CMakeCUDACompilerABI.cu...
  
  C:\Users\garyq\Downloads\darknet-master\CMakeFiles\CheckCUDA\CMakeFiles\CMakeTmp>"C:\Program Files\NVIDIA GPU Computing Toolkit\CUDA\v11.7\bin\nvcc.exe" -gencode=arch=compute_52,code=\"compute_52,compute_52\" -gencode=arch=compute_52,code=\"sm_52,compute_52\" --use-local-env -ccbin "C:\Program Files\Microsoft Visual Studio\2022\Community\VC\Tools\MSVC\14.32.31326\bin\HostX64\x64" -x cu    -I"C:\Program Files\NVIDIA GPU Computing Toolkit\CUDA\v11.7\include"     --keep-dir x64\Debug  -maxrregcount=0  --machine 64 --compile -cudart static -Xcompiler="/EHsc -Zi -Ob0 -v" -g  -D_WINDOWS -D"CMAKE_INTDIR=\"Debug\"" -D_MBCS -D"CMAKE_INTDIR=\"Debug\"" -Xcompiler "/EHsc /W1 /nologo /Od /FdcmTC_62a08.dir\Debug\vc143.pdb /FS /Zi /RTC1 /MDd " -o cmTC_62a08.dir\Debug\CMakeCUDACompilerABI.obj "C:\Program Files\CMake\share\cmake-3.24\Modules\CMakeCUDACompilerABI.cu" 
cl : Command line warning D9002: ignoring unknown option '-v' [C:\Users\garyq\Downloads\darknet-master\CMakeFiles\CheckCUDA\CMakeFiles\CMakeTmp\cmTC_62a08.vcxproj]
cl : Command line warning D9002: ignoring unknown option '-v' [C:\Users\garyq\Downloads\darknet-master\CMakeFiles\CheckCUDA\CMakeFiles\CMakeTmp\cmTC_62a08.vcxproj]
  CMakeCUDACompilerABI.cu
cl : Command line warning D9002: ignoring unknown option '-v' [C:\Users\garyq\Downloads\darknet-master\CMakeFiles\CheckCUDA\CMakeFiles\CMakeTmp\cmTC_62a08.vcxproj]
  The vcpkg manifest was disabled, but we found a manifest file in C:\Users\garyq\Downloads\darknet-master\. You may want to enable vcpkg manifests in your properties page or pass /p:VcpkgEnableManifest=true to the msbuild invocation.
LINK : warning LNK4044: unrecognized option '/v'; ignored [C:\Users\garyq\Downloads\darknet-master\CMakeFiles\CheckCUDA\CMakeFiles\CMakeTmp\cmTC_62a08.vcxproj]
     Creating library C:/Users/garyq/Downloads/darknet-master/CMakeFiles/CheckCUDA/CMakeFiles/CMakeTmp/Debug/cmTC_62a08.lib and object C:/Users/garyq/Downloads/darknet-master/CMakeFiles/CheckCUDA/CMakeFiles/CMakeTmp/Debug/cmTC_62a08.exp
LINK : warning LNK4098: defaultlib 'LIBCMT' conflicts with use of other libs; use /NODEFAULTLIB:library [C:\Users\garyq\Downloads\darknet-master\CMakeFiles\CheckCUDA\CMakeFiles\CMakeTmp\cmTC_62a08.vcxproj]
  cmTC_62a08.vcxproj -> C:\Users\garyq\Downloads\darknet-master\CMakeFiles\CheckCUDA\CMakeFiles\CMakeTmp\Debug\cmTC_62a08.exe



Parsed CUDA implicit include dir info from above output: rv=start
  warn: unable to parse implicit include dirs!


Parsed CUDA implicit link information from above output:
  link line regex: [^( *|.*[/\])(CMAKE_LINKER-NOTFOUND|CMAKE_LINK_STARTFILE-NOTFOUND|([^/\]+-)?ld|collect2)[^/\]*( |$)]
  ignore line: [Change Dir: C:/Users/garyq/Downloads/darknet-master/CMakeFiles/CheckCUDA/CMakeFiles/CMakeTmp]
  ignore line: []
  ignore line: [Run Build Command(s):C:/Program Files/Microsoft Visual Studio/2022/Community/MSBuild/Current/Bin/amd64/MSBuild.exe cmTC_62a08.vcxproj /p:Configuration=Debug /p:Platform=x64 /p:VisualStudioVersion=17.0 /v:m && Microsoft (R) Build Engine version 17.2.1+52cd2da31 for .NET Framework]
  ignore line: [Copyright (C) Microsoft Corporation. All rights reserved.]
  ignore line: []
  ignore line: [  Compiling CUDA source file ..\..\..\..\..\..\..\..\Program Files\CMake\share\cmake-3.24\Modules\CMakeCUDACompilerABI.cu...]
  ignore line: [  ]
  ignore line: [  C:\Users\garyq\Downloads\darknet-master\CMakeFiles\CheckCUDA\CMakeFiles\CMakeTmp>"C:\Program Files\NVIDIA GPU Computing Toolkit\CUDA\v11.7\bin\nvcc.exe" -gencode=arch=compute_52 code=\"compute_52 compute_52\" -gencode=arch=compute_52 code=\"sm_52 compute_52\" --use-local-env -ccbin "C:\Program Files\Microsoft Visual Studio\2022\Community\VC\Tools\MSVC\14.32.31326\bin\HostX64\x64" -x cu    -I"C:\Program Files\NVIDIA GPU Computing Toolkit\CUDA\v11.7\include"     --keep-dir x64\Debug  -maxrregcount=0  --machine 64 --compile -cudart static -Xcompiler="/EHsc -Zi -Ob0 -v" -g  -D_WINDOWS -D"CMAKE_INTDIR=\"Debug\"" -D_MBCS -D"CMAKE_INTDIR=\"Debug\"" -Xcompiler "/EHsc /W1 /nologo /Od /FdcmTC_62a08.dir\Debug\vc143.pdb /FS /Zi /RTC1 /MDd " -o cmTC_62a08.dir\Debug\CMakeCUDACompilerABI.obj "C:\Program Files\CMake\share\cmake-3.24\Modules\CMakeCUDACompilerABI.cu" ]
  ignore line: [cl : Command line warning D9002: ignoring unknown option '-v' [C:\Users\garyq\Downloads\darknet-master\CMakeFiles\CheckCUDA\CMakeFiles\CMakeTmp\cmTC_62a08.vcxproj]]
  ignore line: [cl : Command line warning D9002: ignoring unknown option '-v' [C:\Users\garyq\Downloads\darknet-master\CMakeFiles\CheckCUDA\CMakeFiles\CMakeTmp\cmTC_62a08.vcxproj]]
  ignore line: [  CMakeCUDACompilerABI.cu]
  ignore line: [cl : Command line warning D9002: ignoring unknown option '-v' [C:\Users\garyq\Downloads\darknet-master\CMakeFiles\CheckCUDA\CMakeFiles\CMakeTmp\cmTC_62a08.vcxproj]]
  ignore line: [  The vcpkg manifest was disabled  but we found a manifest file in C:\Users\garyq\Downloads\darknet-master\. You may want to enable vcpkg manifests in your properties page or pass /p:VcpkgEnableManifest=true to the msbuild invocation.]
  ignore line: [LINK : warning LNK4044: unrecognized option '/v']
  ignore line: [ ignored [C:\Users\garyq\Downloads\darknet-master\CMakeFiles\CheckCUDA\CMakeFiles\CMakeTmp\cmTC_62a08.vcxproj]]
  ignore line: [     Creating library C:/Users/garyq/Downloads/darknet-master/CMakeFiles/CheckCUDA/CMakeFiles/CMakeTmp/Debug/cmTC_62a08.lib and object C:/Users/garyq/Downloads/darknet-master/CMakeFiles/CheckCUDA/CMakeFiles/CMakeTmp/Debug/cmTC_62a08.exp]
  ignore line: [LINK : warning LNK4098: defaultlib 'LIBCMT' conflicts with use of other libs]
  ignore line: [ use /NODEFAULTLIB:library [C:\Users\garyq\Downloads\darknet-master\CMakeFiles\CheckCUDA\CMakeFiles\CMakeTmp\cmTC_62a08.vcxproj]]
  ignore line: [  cmTC_62a08.vcxproj -> C:\Users\garyq\Downloads\darknet-master\CMakeFiles\CheckCUDA\CMakeFiles\CMakeTmp\Debug\cmTC_62a08.exe]
  ignore line: []
  ignore line: []
  implicit libs: []
  implicit objs: []
  implicit dirs: []
  implicit fwks: []


